<?xml version="1.0" encoding="UTF-8"?>
<coverage generated="1646372811806" clover="3.2.0">
  <project timestamp="1646372811807" name="All files">
    <metrics statements="35" coveredstatements="22" conditionals="21" coveredconditionals="1" methods="10" coveredmethods="4" elements="66" coveredelements="27" complexity="0" loc="35" ncloc="35" packages="2" files="4" classes="4"/>
    <package name="controllers">
      <metrics statements="13" coveredstatements="6" conditionals="16" coveredconditionals="0" methods="8" coveredmethods="2"/>
      <file name="to-do.controller.ts" path="/Users/stku/Documents/project/to-do/server/src/controllers/to-do.controller.ts">
        <metrics statements="13" coveredstatements="6" conditionals="16" coveredconditionals="0" methods="8" coveredmethods="2"/>
        <line num="2" count="1" type="stmt"/>
        <line num="4" count="1" type="stmt"/>
        <line num="5" count="1" type="stmt"/>
        <line num="8" count="1" type="stmt"/>
        <line num="11" count="1" type="stmt"/>
        <line num="12" count="1" type="stmt"/>
        <line num="19" count="0" type="stmt"/>
        <line num="20" count="0" type="stmt"/>
        <line num="21" count="0" type="stmt"/>
        <line num="29" count="0" type="cond" truecount="0" falsecount="8"/>
        <line num="30" count="0" type="stmt"/>
        <line num="36" count="0" type="cond" truecount="0" falsecount="8"/>
        <line num="37" count="0" type="stmt"/>
      </file>
    </package>
    <package name="utils">
      <metrics statements="22" coveredstatements="16" conditionals="5" coveredconditionals="1" methods="2" coveredmethods="2"/>
      <file name="errors.ts" path="/Users/stku/Documents/project/to-do/server/src/utils/errors.ts">
        <metrics statements="8" coveredstatements="7" conditionals="1" coveredconditionals="0" methods="1" coveredmethods="1"/>
        <line num="1" count="1" type="stmt"/>
        <line num="3" count="1" type="stmt"/>
        <line num="4" count="1" type="stmt"/>
        <line num="6" count="1" type="stmt"/>
        <line num="7" count="1" type="stmt"/>
        <line num="8" count="1" type="cond" truecount="0" falsecount="1"/>
        <line num="9" count="0" type="stmt"/>
        <line num="12" count="1" type="stmt"/>
      </file>
      <file name="response.ts" path="/Users/stku/Documents/project/to-do/server/src/utils/response.ts">
        <metrics statements="11" coveredstatements="6" conditionals="4" coveredconditionals="1" methods="1" coveredmethods="1"/>
        <line num="2" count="1" type="stmt"/>
        <line num="4" count="1" type="stmt"/>
        <line num="9" count="1" type="cond" truecount="1" falsecount="3"/>
        <line num="11" count="1" type="stmt"/>
        <line num="12" count="1" type="stmt"/>
        <line num="14" count="0" type="stmt"/>
        <line num="15" count="0" type="stmt"/>
        <line num="17" count="0" type="stmt"/>
        <line num="18" count="0" type="stmt"/>
        <line num="20" count="0" type="stmt"/>
        <line num="23" count="1" type="stmt"/>
      </file>
      <file name="validation.ts" path="/Users/stku/Documents/project/to-do/server/src/utils/validation.ts">
        <metrics statements="3" coveredstatements="3" conditionals="0" coveredconditionals="0" methods="0" coveredmethods="0"/>
        <line num="1" count="1" type="stmt"/>
        <line num="2" count="1" type="stmt"/>
        <line num="4" count="1" type="stmt"/>
      </file>
    </package>
  </project>
</coverage>
