{"/Users/stku/Documents/project/to-do/server/src/services/to-do.service.ts": {"path":"/Users/stku/Documents/project/to-do/server/src/services/to-do.service.ts","statementMap":{"0":{"start":{"line":1,"column":0},"end":{"line":1,"column":46}},"1":{"start":{"line":2,"column":0},"end":{"line":2,"column":57}},"2":{"start":{"line":3,"column":0},"end":{"line":3,"column":61}},"3":{"start":{"line":5,"column":0},"end":{"line":5,"column":80}},"4":{"start":{"line":6,"column":0},"end":{"line":6,"column":78}},"5":{"start":{"line":7,"column":0},"end":{"line":7,"column":55}},"6":{"start":{"line":18,"column":54},"end":{"line":18,"column":65}},"7":{"start":{"line":20,"column":31},"end":{"line":20,"column":49}},"8":{"start":{"line":21,"column":44},"end":{"line":25,"column":null}},"9":{"start":{"line":27,"column":48},"end":{"line":27,"column":98}},"10":{"start":{"line":29,"column":8},"end":{"line":37,"column":10}},"11":{"start":{"line":32,"column":16},"end":{"line":32,"column":74}},"12":{"start":{"line":35,"column":16},"end":{"line":35,"column":null}},"13":{"start":{"line":41,"column":8},"end":{"line":43,"column":null}},"14":{"start":{"line":42,"column":12},"end":{"line":42,"column":47}},"15":{"start":{"line":45,"column":8},"end":{"line":55,"column":10}},"16":{"start":{"line":47,"column":16},"end":{"line":49,"column":null}},"17":{"start":{"line":48,"column":20},"end":{"line":48,"column":51}},"18":{"start":{"line":50,"column":16},"end":{"line":50,"column":43}},"19":{"start":{"line":53,"column":16},"end":{"line":53,"column":28}},"20":{"start":{"line":59,"column":8},"end":{"line":61,"column":null}},"21":{"start":{"line":60,"column":12},"end":{"line":60,"column":55}},"22":{"start":{"line":63,"column":8},"end":{"line":73,"column":10}},"23":{"start":{"line":65,"column":16},"end":{"line":67,"column":null}},"24":{"start":{"line":66,"column":20},"end":{"line":66,"column":46}},"25":{"start":{"line":68,"column":16},"end":{"line":68,"column":34}},"26":{"start":{"line":71,"column":16},"end":{"line":71,"column":28}},"27":{"start":{"line":77,"column":8},"end":{"line":79,"column":null}},"28":{"start":{"line":78,"column":12},"end":{"line":78,"column":45}},"29":{"start":{"line":81,"column":8},"end":{"line":91,"column":10}},"30":{"start":{"line":83,"column":16},"end":{"line":85,"column":null}},"31":{"start":{"line":84,"column":20},"end":{"line":84,"column":46}},"32":{"start":{"line":86,"column":16},"end":{"line":86,"column":34}},"33":{"start":{"line":89,"column":16},"end":{"line":89,"column":28}},"34":{"start":{"line":16,"column":0},"end":{"line":16,"column":13}}},"fnMap":{"0":{"name":"(anonymous_8)","decl":{"start":{"line":17,"column":17},"end":{"line":17,"column":23}},"loc":{"start":{"line":17,"column":42},"end":{"line":38,"column":null}}},"1":{"name":"(anonymous_10)","decl":{"start":{"line":31,"column":22},"end":{"line":31,"column":23}},"loc":{"start":{"line":31,"column":52},"end":{"line":33,"column":13}}},"2":{"name":"(anonymous_11)","decl":{"start":{"line":34,"column":23},"end":{"line":34,"column":26}},"loc":{"start":{"line":34,"column":28},"end":{"line":36,"column":13}}},"3":{"name":"(anonymous_12)","decl":{"start":{"line":40,"column":17},"end":{"line":40,"column":23}},"loc":{"start":{"line":40,"column":40},"end":{"line":56,"column":null}}},"4":{"name":"(anonymous_14)","decl":{"start":{"line":46,"column":22},"end":{"line":46,"column":23}},"loc":{"start":{"line":46,"column":40},"end":{"line":51,"column":13}}},"5":{"name":"(anonymous_15)","decl":{"start":{"line":52,"column":23},"end":{"line":52,"column":24}},"loc":{"start":{"line":52,"column":40},"end":{"line":54,"column":13}}},"6":{"name":"(anonymous_16)","decl":{"start":{"line":58,"column":17},"end":{"line":58,"column":26}},"loc":{"start":{"line":58,"column":55},"end":{"line":74,"column":null}}},"7":{"name":"(anonymous_18)","decl":{"start":{"line":64,"column":22},"end":{"line":64,"column":23}},"loc":{"start":{"line":64,"column":47},"end":{"line":69,"column":13}}},"8":{"name":"(anonymous_19)","decl":{"start":{"line":70,"column":23},"end":{"line":70,"column":24}},"loc":{"start":{"line":70,"column":40},"end":{"line":72,"column":13}}},"9":{"name":"(anonymous_20)","decl":{"start":{"line":76,"column":17},"end":{"line":76,"column":26}},"loc":{"start":{"line":76,"column":37},"end":{"line":92,"column":null}}},"10":{"name":"(anonymous_22)","decl":{"start":{"line":82,"column":22},"end":{"line":82,"column":23}},"loc":{"start":{"line":82,"column":47},"end":{"line":87,"column":13}}},"11":{"name":"(anonymous_23)","decl":{"start":{"line":88,"column":23},"end":{"line":88,"column":24}},"loc":{"start":{"line":88,"column":40},"end":{"line":90,"column":13}}}},"branchMap":{"0":{"loc":{"start":{"line":18,"column":21},"end":{"line":18,"column":34}},"type":"default-arg","locations":[{"start":{"line":18,"column":32},"end":{"line":18,"column":34}}]},"1":{"loc":{"start":{"line":18,"column":41},"end":{"line":18,"column":49}},"type":"default-arg","locations":[{"start":{"line":18,"column":48},"end":{"line":18,"column":49}}]},"2":{"loc":{"start":{"line":18,"column":54},"end":{"line":18,"column":65}},"type":"binary-expr","locations":[{"start":{"line":18,"column":54},"end":{"line":18,"column":59}},{"start":{"line":18,"column":63},"end":{"line":18,"column":65}}]},"3":{"loc":{"start":{"line":41,"column":8},"end":{"line":43,"column":null}},"type":"if","locations":[{"start":{"line":41,"column":8},"end":{"line":43,"column":null}}]},"4":{"loc":{"start":{"line":41,"column":12},"end":{"line":41,"column":79}},"type":"binary-expr","locations":[{"start":{"line":41,"column":12},"end":{"line":41,"column":17}},{"start":{"line":41,"column":21},"end":{"line":41,"column":52}},{"start":{"line":41,"column":56},"end":{"line":41,"column":79}}]},"5":{"loc":{"start":{"line":41,"column":28},"end":{"line":41,"column":39}},"type":"cond-expr","locations":[{"start":{"line":41,"column":32},"end":{"line":41,"column":34}},{"start":{"line":41,"column":28},"end":{"line":41,"column":39}}]},"6":{"loc":{"start":{"line":41,"column":28},"end":{"line":41,"column":34}},"type":"binary-expr","locations":[{"start":{"line":41,"column":28},"end":{"line":41,"column":34}},{"start":{"line":41,"column":28},"end":{"line":41,"column":34}}]},"7":{"loc":{"start":{"line":41,"column":56},"end":{"line":41,"column":75}},"type":"cond-expr","locations":[{"start":{"line":41,"column":67},"end":{"line":41,"column":69}},{"start":{"line":41,"column":67},"end":{"line":41,"column":75}}]},"8":{"loc":{"start":{"line":41,"column":56},"end":{"line":41,"column":69}},"type":"binary-expr","locations":[{"start":{"line":41,"column":56},"end":{"line":41,"column":69}},{"start":{"line":41,"column":67},"end":{"line":41,"column":69}}]},"9":{"loc":{"start":{"line":41,"column":56},"end":{"line":41,"column":67}},"type":"cond-expr","locations":[{"start":{"line":41,"column":60},"end":{"line":41,"column":62}},{"start":{"line":41,"column":56},"end":{"line":41,"column":67}}]},"10":{"loc":{"start":{"line":41,"column":56},"end":{"line":41,"column":62}},"type":"binary-expr","locations":[{"start":{"line":41,"column":56},"end":{"line":41,"column":62}},{"start":{"line":41,"column":56},"end":{"line":41,"column":62}}]},"11":{"loc":{"start":{"line":47,"column":16},"end":{"line":49,"column":null}},"type":"if","locations":[{"start":{"line":47,"column":16},"end":{"line":49,"column":null}}]},"12":{"loc":{"start":{"line":59,"column":8},"end":{"line":61,"column":null}},"type":"if","locations":[{"start":{"line":59,"column":8},"end":{"line":61,"column":null}}]},"13":{"loc":{"start":{"line":59,"column":12},"end":{"line":59,"column":105}},"type":"binary-expr","locations":[{"start":{"line":59,"column":12},"end":{"line":59,"column":34}},{"start":{"line":59,"column":38},"end":{"line":59,"column":43}},{"start":{"line":59,"column":47},"end":{"line":59,"column":78}},{"start":{"line":59,"column":82},"end":{"line":59,"column":105}}]},"14":{"loc":{"start":{"line":59,"column":54},"end":{"line":59,"column":65}},"type":"cond-expr","locations":[{"start":{"line":59,"column":58},"end":{"line":59,"column":60}},{"start":{"line":59,"column":54},"end":{"line":59,"column":65}}]},"15":{"loc":{"start":{"line":59,"column":54},"end":{"line":59,"column":60}},"type":"binary-expr","locations":[{"start":{"line":59,"column":54},"end":{"line":59,"column":60}},{"start":{"line":59,"column":54},"end":{"line":59,"column":60}}]},"16":{"loc":{"start":{"line":59,"column":82},"end":{"line":59,"column":101}},"type":"cond-expr","locations":[{"start":{"line":59,"column":93},"end":{"line":59,"column":95}},{"start":{"line":59,"column":93},"end":{"line":59,"column":101}}]},"17":{"loc":{"start":{"line":59,"column":82},"end":{"line":59,"column":95}},"type":"binary-expr","locations":[{"start":{"line":59,"column":82},"end":{"line":59,"column":95}},{"start":{"line":59,"column":93},"end":{"line":59,"column":95}}]},"18":{"loc":{"start":{"line":59,"column":82},"end":{"line":59,"column":93}},"type":"cond-expr","locations":[{"start":{"line":59,"column":86},"end":{"line":59,"column":88}},{"start":{"line":59,"column":82},"end":{"line":59,"column":93}}]},"19":{"loc":{"start":{"line":59,"column":82},"end":{"line":59,"column":88}},"type":"binary-expr","locations":[{"start":{"line":59,"column":82},"end":{"line":59,"column":88}},{"start":{"line":59,"column":82},"end":{"line":59,"column":88}}]},"20":{"loc":{"start":{"line":65,"column":16},"end":{"line":67,"column":null}},"type":"if","locations":[{"start":{"line":65,"column":16},"end":{"line":67,"column":null}}]},"21":{"loc":{"start":{"line":77,"column":8},"end":{"line":79,"column":null}},"type":"if","locations":[{"start":{"line":77,"column":8},"end":{"line":79,"column":null}}]},"22":{"loc":{"start":{"line":83,"column":16},"end":{"line":85,"column":null}},"type":"if","locations":[{"start":{"line":83,"column":16},"end":{"line":85,"column":null}}]}},"s":{"0":1,"1":1,"2":1,"3":1,"4":1,"5":1,"6":3,"7":3,"8":3,"9":2,"10":2,"11":0,"12":0,"13":3,"14":1,"15":2,"16":2,"17":1,"18":1,"19":1,"20":3,"21":1,"22":2,"23":2,"24":1,"25":1,"26":1,"27":2,"28":0,"29":2,"30":2,"31":1,"32":1,"33":1,"34":1},"f":{"0":3,"1":0,"2":0,"3":3,"4":2,"5":1,"6":3,"7":2,"8":1,"9":2,"10":2,"11":1},"b":{"0":[3],"1":[3],"2":[3,2],"3":[1],"4":[3,3,3],"5":[0,3],"6":[3,3],"7":[0,3],"8":[3,3],"9":[0,3],"10":[3,3],"11":[1],"12":[1],"13":[3,3,3,3],"14":[0,3],"15":[3,3],"16":[0,3],"17":[3,3],"18":[0,3],"19":[3,3],"20":[1],"21":[0],"22":[1]}}
,"/Users/stku/Documents/project/to-do/server/src/utils/common.ts": {"path":"/Users/stku/Documents/project/to-do/server/src/utils/common.ts","statementMap":{"0":{"start":{"line":4,"column":4},"end":{"line":8,"column":null}},"1":{"start":{"line":5,"column":8},"end":{"line":5,"column":73}},"2":{"start":{"line":7,"column":8},"end":{"line":7,"column":37}},"3":{"start":{"line":9,"column":4},"end":{"line":9,"column":15}},"4":{"start":{"line":3,"column":0},"end":{"line":3,"column":16}},"5":{"start":{"line":13,"column":4},"end":{"line":13,"column":39}},"6":{"start":{"line":14,"column":4},"end":{"line":14,"column":33}},"7":{"start":{"line":14,"column":24},"end":{"line":14,"column":33}},"8":{"start":{"line":15,"column":4},"end":{"line":15,"column":59}},"9":{"start":{"line":12,"column":0},"end":{"line":12,"column":16}},"10":{"start":{"line":19,"column":4},"end":{"line":24,"column":6}},"11":{"start":{"line":18,"column":0},"end":{"line":18,"column":16}}},"fnMap":{"0":{"name":"forceParseInt","decl":{"start":{"line":3,"column":16},"end":{"line":3,"column":29}},"loc":{"start":{"line":3,"column":54},"end":{"line":10,"column":1}}},"1":{"name":"countPage","decl":{"start":{"line":12,"column":16},"end":{"line":12,"column":25}},"loc":{"start":{"line":12,"column":62},"end":{"line":16,"column":1}}},"2":{"name":"formatPagination","decl":{"start":{"line":18,"column":16},"end":{"line":18,"column":32}},"loc":{"start":{"line":18,"column":96},"end":{"line":25,"column":1}}}},"branchMap":{"0":{"loc":{"start":{"line":5,"column":15},"end":{"line":5,"column":72}},"type":"cond-expr","locations":[{"start":{"line":5,"column":45},"end":{"line":5,"column":62}},{"start":{"line":5,"column":65},"end":{"line":5,"column":72}}]},"1":{"loc":{"start":{"line":14,"column":4},"end":{"line":14,"column":33}},"type":"if","locations":[{"start":{"line":14,"column":4},"end":{"line":14,"column":33}}]},"2":{"loc":{"start":{"line":18,"column":33},"end":{"line":18,"column":55}},"type":"default-arg","locations":[{"start":{"line":18,"column":54},"end":{"line":18,"column":55}}]},"3":{"loc":{"start":{"line":18,"column":57},"end":{"line":18,"column":78}},"type":"default-arg","locations":[{"start":{"line":18,"column":76},"end":{"line":18,"column":78}}]},"4":{"loc":{"start":{"line":18,"column":80},"end":{"line":18,"column":96}},"type":"default-arg","locations":[{"start":{"line":18,"column":95},"end":{"line":18,"column":96}}]}},"s":{"0":30,"1":30,"2":0,"3":0,"4":3,"5":5,"6":5,"7":1,"8":4,"9":3,"10":3,"11":3},"f":{"0":30,"1":5,"2":3},"b":{"0":[2,28],"1":[1],"2":[1],"3":[1],"4":[1]}}
,"/Users/stku/Documents/project/to-do/server/src/utils/errors.ts": {"path":"/Users/stku/Documents/project/to-do/server/src/utils/errors.ts","statementMap":{"0":{"start":{"line":1,"column":0},"end":{"line":1,"column":46}},"1":{"start":{"line":3,"column":0},"end":{"line":3,"column":78}},"2":{"start":{"line":4,"column":0},"end":{"line":4,"column":48}},"3":{"start":{"line":11,"column":8},"end":{"line":11,"column":19}},"4":{"start":{"line":8,"column":20},"end":{"line":8,"column":66}},"5":{"start":{"line":12,"column":8},"end":{"line":12,"column":29}},"6":{"start":{"line":7,"column":0},"end":{"line":7,"column":22}},"7":{"start":{"line":21,"column":8},"end":{"line":21,"column":119}},"8":{"start":{"line":16,"column":0},"end":{"line":16,"column":13}},"9":{"start":{"line":17,"column":27},"end":{"line":17,"column":95}},"10":{"start":{"line":18,"column":27},"end":{"line":18,"column":73}},"11":{"start":{"line":30,"column":8},"end":{"line":30,"column":55}},"12":{"start":{"line":25,"column":0},"end":{"line":25,"column":13}},"13":{"start":{"line":26,"column":27},"end":{"line":26,"column":103}},"14":{"start":{"line":27,"column":27},"end":{"line":27,"column":71}},"15":{"start":{"line":39,"column":8},"end":{"line":39,"column":97}},"16":{"start":{"line":34,"column":0},"end":{"line":34,"column":13}},"17":{"start":{"line":35,"column":27},"end":{"line":35,"column":95}},"18":{"start":{"line":36,"column":27},"end":{"line":36,"column":73}},"19":{"start":{"line":44,"column":44},"end":{"line":44,"column":66}},"20":{"start":{"line":45,"column":4},"end":{"line":48,"column":null}},"21":{"start":{"line":46,"column":8},"end":{"line":47,"column":99}},"22":{"start":{"line":49,"column":4},"end":{"line":49,"column":11}},"23":{"start":{"line":43,"column":0},"end":{"line":43,"column":16}}},"fnMap":{"0":{"name":"(anonymous_0)","decl":{"start":{"line":10,"column":4},"end":{"line":10,"column":16}},"loc":{"start":{"line":10,"column":43},"end":{"line":13,"column":5}}},"1":{"name":"(anonymous_1)","decl":{"start":{"line":20,"column":4},"end":{"line":20,"column":16}},"loc":{"start":{"line":20,"column":27},"end":{"line":22,"column":5}}},"2":{"name":"(anonymous_2)","decl":{"start":{"line":29,"column":4},"end":{"line":29,"column":null}},"loc":{"start":{"line":29,"column":4},"end":{"line":31,"column":5}}},"3":{"name":"(anonymous_3)","decl":{"start":{"line":38,"column":4},"end":{"line":38,"column":16}},"loc":{"start":{"line":38,"column":36},"end":{"line":40,"column":5}}},"4":{"name":"errorHandler","decl":{"start":{"line":43,"column":16},"end":{"line":43,"column":28}},"loc":{"start":{"line":43,"column":77},"end":{"line":50,"column":1}}}},"branchMap":{"0":{"loc":{"start":{"line":39,"column":34},"end":{"line":39,"column":73}},"type":"cond-expr","locations":[{"start":{"line":39,"column":44},"end":{"line":39,"column":65}},{"start":{"line":39,"column":68},"end":{"line":39,"column":73}}]},"1":{"loc":{"start":{"line":45,"column":4},"end":{"line":48,"column":null}},"type":"if","locations":[{"start":{"line":45,"column":4},"end":{"line":48,"column":null}}]}},"s":{"0":1,"1":1,"2":1,"3":6,"4":6,"5":6,"6":1,"7":3,"8":1,"9":1,"10":1,"11":2,"12":1,"13":1,"14":1,"15":1,"16":1,"17":1,"18":1,"19":0,"20":0,"21":0,"22":0,"23":1},"f":{"0":6,"1":3,"2":2,"3":1,"4":0},"b":{"0":[0,1],"1":[0]}}
,"/Users/stku/Documents/project/to-do/server/src/utils/requests.ts": {"path":"/Users/stku/Documents/project/to-do/server/src/utils/requests.ts","statementMap":{"0":{"start":{"line":1,"column":0},"end":{"line":1,"column":41}},"1":{"start":{"line":4,"column":13},"end":{"line":4,"column":53}},"2":{"start":{"line":5,"column":13},"end":{"line":5,"column":49}},"3":{"start":{"line":8,"column":4},"end":{"line":8,"column":27}},"4":{"start":{"line":8,"column":17},"end":{"line":8,"column":27}},"5":{"start":{"line":10,"column":23},"end":{"line":10,"column":25}},"6":{"start":{"line":11,"column":4},"end":{"line":21,"column":7}},"7":{"start":{"line":12,"column":8},"end":{"line":12,"column":109}},"8":{"start":{"line":12,"column":102},"end":{"line":12,"column":109}},"9":{"start":{"line":14,"column":8},"end":{"line":20,"column":null}},"10":{"start":{"line":15,"column":12},"end":{"line":17,"column":14}},"11":{"start":{"line":19,"column":12},"end":{"line":19,"column":61}},"12":{"start":{"line":22,"column":4},"end":{"line":22,"column":17}},"13":{"start":{"line":7,"column":0},"end":{"line":7,"column":16}},"14":{"start":{"line":26,"column":4},"end":{"line":26,"column":89}},"15":{"start":{"line":25,"column":0},"end":{"line":25,"column":16}}},"fnMap":{"0":{"name":"formatQuery","decl":{"start":{"line":7,"column":16},"end":{"line":7,"column":27}},"loc":{"start":{"line":7,"column":54},"end":{"line":23,"column":1}}},"1":{"name":"(anonymous_1)","decl":{"start":{"line":11,"column":35},"end":{"line":11,"column":36}},"loc":{"start":{"line":11,"column":52},"end":{"line":21,"column":5}}},"2":{"name":"getSkipNumber","decl":{"start":{"line":25,"column":16},"end":{"line":25,"column":29}},"loc":{"start":{"line":25,"column":60},"end":{"line":27,"column":1}}}},"branchMap":{"0":{"loc":{"start":{"line":8,"column":4},"end":{"line":8,"column":27}},"type":"if","locations":[{"start":{"line":8,"column":4},"end":{"line":8,"column":27}}]},"1":{"loc":{"start":{"line":12,"column":8},"end":{"line":12,"column":109}},"type":"if","locations":[{"start":{"line":12,"column":8},"end":{"line":12,"column":109}}]},"2":{"loc":{"start":{"line":12,"column":12},"end":{"line":12,"column":100}},"type":"binary-expr","locations":[{"start":{"line":12,"column":12},"end":{"line":12,"column":42}},{"start":{"line":12,"column":46},"end":{"line":12,"column":71}},{"start":{"line":12,"column":75},"end":{"line":12,"column":100}}]},"3":{"loc":{"start":{"line":14,"column":8},"end":{"line":20,"column":null}},"type":"if","locations":[{"start":{"line":14,"column":8},"end":{"line":20,"column":null}},{"start":{"line":18,"column":15},"end":{"line":20,"column":null}}]}},"s":{"0":1,"1":1,"2":1,"3":3,"4":2,"5":1,"6":1,"7":1,"8":1,"9":0,"10":0,"11":0,"12":1,"13":1,"14":3,"15":1},"f":{"0":3,"1":1,"2":3},"b":{"0":[2],"1":[1],"2":[1,1,1],"3":[0,0]}}
,"/Users/stku/Documents/project/to-do/server/src/utils/response.ts": {"path":"/Users/stku/Documents/project/to-do/server/src/utils/response.ts","statementMap":{"0":{"start":{"line":1,"column":0},"end":{"line":1,"column":44}},"1":{"start":{"line":6,"column":0},"end":{"line":6,"column":48}},"2":{"start":{"line":13,"column":4},"end":{"line":25,"column":null}},"3":{"start":{"line":15,"column":12},"end":{"line":15,"column":32}},"4":{"start":{"line":16,"column":12},"end":{"line":16,"column":17}},"5":{"start":{"line":18,"column":12},"end":{"line":18,"column":76}},"6":{"start":{"line":19,"column":12},"end":{"line":19,"column":18}},"7":{"start":{"line":21,"column":12},"end":{"line":21,"column":84}},"8":{"start":{"line":22,"column":12},"end":{"line":22,"column":18}},"9":{"start":{"line":24,"column":12},"end":{"line":24,"column":18}},"10":{"start":{"line":27,"column":4},"end":{"line":31,"column":19}},"11":{"start":{"line":8,"column":0},"end":{"line":8,"column":16}},"12":{"start":{"line":35,"column":4},"end":{"line":39,"column":6}},"13":{"start":{"line":36,"column":31},"end":{"line":36,"column":108}},"14":{"start":{"line":37,"column":33},"end":{"line":37,"column":145}},"15":{"start":{"line":34,"column":0},"end":{"line":34,"column":16}},"16":{"start":{"line":43,"column":4},"end":{"line":46,"column":6}},"17":{"start":{"line":42,"column":0},"end":{"line":42,"column":16}}},"fnMap":{"0":{"name":"generateResponse","decl":{"start":{"line":8,"column":16},"end":{"line":8,"column":32}},"loc":{"start":{"line":11,"column":13},"end":{"line":32,"column":1}}},"1":{"name":"getObserver","decl":{"start":{"line":34,"column":16},"end":{"line":34,"column":27}},"loc":{"start":{"line":34,"column":41},"end":{"line":40,"column":1}}},"2":{"name":"(anonymous_2)","decl":{"start":{"line":36,"column":14},"end":{"line":36,"column":15}},"loc":{"start":{"line":36,"column":31},"end":{"line":36,"column":108}}},"3":{"name":"(anonymous_3)","decl":{"start":{"line":37,"column":15},"end":{"line":37,"column":16}},"loc":{"start":{"line":37,"column":33},"end":{"line":37,"column":145}}},"4":{"name":"(anonymous_4)","decl":{"start":{"line":38,"column":18},"end":{"line":38,"column":21}},"loc":{"start":{"line":38,"column":23},"end":{"line":38,"column":27}}},"5":{"name":"formatGetToDosResponse","decl":{"start":{"line":42,"column":16},"end":{"line":42,"column":38}},"loc":{"start":{"line":42,"column":117},"end":{"line":47,"column":1}}}},"branchMap":{"0":{"loc":{"start":{"line":13,"column":4},"end":{"line":25,"column":null}},"type":"switch","locations":[{"start":{"line":14,"column":8},"end":{"line":16,"column":17}},{"start":{"line":17,"column":8},"end":{"line":19,"column":18}},{"start":{"line":20,"column":8},"end":{"line":22,"column":18}},{"start":{"line":23,"column":8},"end":{"line":24,"column":18}}]},"1":{"loc":{"start":{"line":42,"column":40},"end":{"line":42,"column":49}},"type":"default-arg","locations":[{"start":{"line":42,"column":47},"end":{"line":42,"column":49}}]},"2":{"loc":{"start":{"line":42,"column":51},"end":{"line":42,"column":65}},"type":"default-arg","locations":[{"start":{"line":42,"column":64},"end":{"line":42,"column":65}}]},"3":{"loc":{"start":{"line":44,"column":14},"end":{"line":44,"column":24}},"type":"binary-expr","locations":[{"start":{"line":44,"column":14},"end":{"line":44,"column":18}},{"start":{"line":44,"column":22},"end":{"line":44,"column":24}}]}},"s":{"0":2,"1":2,"2":4,"3":1,"4":1,"5":1,"6":1,"7":1,"8":1,"9":1,"10":4,"11":2,"12":0,"13":0,"14":0,"15":2,"16":1,"17":2},"f":{"0":4,"1":0,"2":0,"3":0,"4":0,"5":1},"b":{"0":[1,1,1,1],"1":[0],"2":[0],"3":[1,0]}}
,"/Users/stku/Documents/project/to-do/server/src/utils/type.d.ts": {"path":"/Users/stku/Documents/project/to-do/server/src/utils/type.d.ts","statementMap":{},"fnMap":{},"branchMap":{},"s":{},"f":{},"b":{},"inputSourceMap":null}
}
