TN:
SF:src/services/to-do.service.ts
FN:17,(anonymous_8)
FN:31,(anonymous_10)
FN:34,(anonymous_11)
FN:40,(anonymous_12)
FN:46,(anonymous_14)
FN:52,(anonymous_15)
FN:58,(anonymous_16)
FN:64,(anonymous_18)
FN:70,(anonymous_19)
FN:76,(anonymous_20)
FN:82,(anonymous_22)
FN:88,(anonymous_23)
FNF:12
FNH:10
FNDA:3,(anonymous_8)
FNDA:0,(anonymous_10)
FNDA:0,(anonymous_11)
FNDA:3,(anonymous_12)
FNDA:2,(anonymous_14)
FNDA:1,(anonymous_15)
FNDA:3,(anonymous_16)
FNDA:2,(anonymous_18)
FNDA:1,(anonymous_19)
FNDA:2,(anonymous_20)
FNDA:2,(anonymous_22)
FNDA:1,(anonymous_23)
DA:1,1
DA:2,1
DA:3,1
DA:5,1
DA:6,1
DA:7,1
DA:16,1
DA:18,3
DA:20,3
DA:21,3
DA:27,2
DA:29,2
DA:32,0
DA:35,0
DA:41,3
DA:42,1
DA:45,2
DA:47,2
DA:48,1
DA:50,1
DA:53,1
DA:59,3
DA:60,1
DA:63,2
DA:65,2
DA:66,1
DA:68,1
DA:71,1
DA:77,2
DA:78,0
DA:81,2
DA:83,2
DA:84,1
DA:86,1
DA:89,1
LF:35
LH:32
BRDA:18,0,0,3
BRDA:18,1,0,3
BRDA:18,2,0,3
BRDA:18,2,1,2
BRDA:41,3,0,1
BRDA:41,4,0,3
BRDA:41,4,1,3
BRDA:41,4,2,3
BRDA:41,5,0,0
BRDA:41,5,1,3
BRDA:41,6,0,3
BRDA:41,6,1,3
BRDA:41,7,0,0
BRDA:41,7,1,3
BRDA:41,8,0,3
BRDA:41,8,1,3
BRDA:41,9,0,0
BRDA:41,9,1,3
BRDA:41,10,0,3
BRDA:41,10,1,3
BRDA:47,11,0,1
BRDA:59,12,0,1
BRDA:59,13,0,3
BRDA:59,13,1,3
BRDA:59,13,2,3
BRDA:59,13,3,3
BRDA:59,14,0,0
BRDA:59,14,1,3
BRDA:59,15,0,3
BRDA:59,15,1,3
BRDA:59,16,0,0
BRDA:59,16,1,3
BRDA:59,17,0,3
BRDA:59,17,1,3
BRDA:59,18,0,0
BRDA:59,18,1,3
BRDA:59,19,0,3
BRDA:59,19,1,3
BRDA:65,20,0,1
BRDA:77,21,0,0
BRDA:83,22,0,1
BRF:41
BRH:34
end_of_record
TN:
SF:src/utils/common.ts
FN:3,forceParseInt
FN:12,countPage
FN:18,formatPagination
FNF:3
FNH:3
FNDA:30,forceParseInt
FNDA:5,countPage
FNDA:3,formatPagination
DA:3,3
DA:4,30
DA:5,30
DA:7,0
DA:9,0
DA:12,3
DA:13,5
DA:14,5
DA:15,4
DA:18,3
DA:19,3
LF:11
LH:9
BRDA:5,0,0,2
BRDA:5,0,1,28
BRDA:14,1,0,1
BRDA:18,2,0,1
BRDA:18,3,0,1
BRDA:18,4,0,1
BRF:6
BRH:6
end_of_record
TN:
SF:src/utils/errors.ts
FN:10,(anonymous_0)
FN:20,(anonymous_1)
FN:29,(anonymous_2)
FN:38,(anonymous_3)
FN:43,errorHandler
FNF:5
FNH:4
FNDA:6,(anonymous_0)
FNDA:3,(anonymous_1)
FNDA:2,(anonymous_2)
FNDA:1,(anonymous_3)
FNDA:0,errorHandler
DA:1,1
DA:3,1
DA:4,1
DA:7,1
DA:8,6
DA:11,6
DA:12,6
DA:16,1
DA:17,1
DA:18,1
DA:21,3
DA:25,1
DA:26,1
DA:27,1
DA:30,2
DA:34,1
DA:35,1
DA:36,1
DA:39,1
DA:43,1
DA:44,0
DA:45,0
DA:46,0
DA:49,0
LF:24
LH:20
BRDA:39,0,0,0
BRDA:39,0,1,1
BRDA:45,1,0,0
BRF:3
BRH:1
end_of_record
TN:
SF:src/utils/requests.ts
FN:7,formatQuery
FN:11,(anonymous_1)
FN:25,getSkipNumber
FNF:3
FNH:3
FNDA:3,formatQuery
FNDA:1,(anonymous_1)
FNDA:3,getSkipNumber
DA:1,1
DA:4,1
DA:5,1
DA:7,1
DA:8,3
DA:10,1
DA:11,1
DA:12,1
DA:14,0
DA:15,0
DA:19,0
DA:22,1
DA:25,1
DA:26,3
LF:14
LH:11
BRDA:8,0,0,2
BRDA:12,1,0,1
BRDA:12,2,0,1
BRDA:12,2,1,1
BRDA:12,2,2,1
BRDA:14,3,0,0
BRDA:14,3,1,0
BRF:7
BRH:5
end_of_record
TN:
SF:src/utils/response.ts
FN:8,generateResponse
FN:34,getObserver
FN:36,(anonymous_2)
FN:37,(anonymous_3)
FN:38,(anonymous_4)
FN:42,formatGetToDosResponse
FNF:6
FNH:2
FNDA:4,generateResponse
FNDA:0,getObserver
FNDA:0,(anonymous_2)
FNDA:0,(anonymous_3)
FNDA:0,(anonymous_4)
FNDA:1,formatGetToDosResponse
DA:1,2
DA:6,2
DA:8,2
DA:13,4
DA:15,1
DA:16,1
DA:18,1
DA:19,1
DA:21,1
DA:22,1
DA:24,1
DA:27,4
DA:34,2
DA:35,0
DA:36,0
DA:37,0
DA:42,2
DA:43,1
LF:18
LH:15
BRDA:13,0,0,1
BRDA:13,0,1,1
BRDA:13,0,2,1
BRDA:13,0,3,1
BRDA:42,1,0,0
BRDA:42,2,0,0
BRDA:44,3,0,1
BRDA:44,3,1,0
BRF:8
BRH:5
end_of_record
TN:
SF:src/utils/type.d.ts
FNF:0
FNH:0
LF:0
LH:0
BRF:0
BRH:0
end_of_record
